This is pdfTeX, Version 3.141592653-2.6-1.40.22 (TeX Live 2021) (preloaded format=pdflatex 2022.3.20)  8 MAY 2022 21:50
entering extended mode
 restricted \write18 enabled.
 file:line:error style messages enabled.
 %&-line parsing enabled.
**/Users/severin/Desktop/Практикум/numerical-task-2.1/report
(/Users/severin/Desktop/Практикум/numerical-task-2.1/report.tex
LaTeX2e <2020-10-01> patch level 4
L3 programming layer <2021-02-18> (/usr/local/texlive/2021/texmf-dist/tex/latex/base/article.cls
Document Class: article 2020/04/10 v1.4m Standard LaTeX document class
(/usr/local/texlive/2021/texmf-dist/tex/latex/base/size10.clo
File: size10.clo 2020/04/10 v1.4m Standard LaTeX file (size option)
)
\c@part=\count179
\c@section=\count180
\c@subsection=\count181
\c@subsubsection=\count182
\c@paragraph=\count183
\c@subparagraph=\count184
\c@figure=\count185
\c@table=\count186
\abovecaptionskip=\skip47
\belowcaptionskip=\skip48
\bibindent=\dimen138
) (/usr/local/texlive/2021/texmf-dist/tex/latex/amsmath/amsmath.sty
Package: amsmath 2020/09/23 v2.17i AMS math features
\@mathmargin=\skip49

For additional information on amsmath, use the `?' option.
(/usr/local/texlive/2021/texmf-dist/tex/latex/amsmath/amstext.sty
Package: amstext 2000/06/29 v2.01 AMS text
 (/usr/local/texlive/2021/texmf-dist/tex/latex/amsmath/amsgen.sty
File: amsgen.sty 1999/11/30 v2.0 generic functions
\@emptytoks=\toks15
\ex@=\dimen139
)) (/usr/local/texlive/2021/texmf-dist/tex/latex/amsmath/amsbsy.sty
Package: amsbsy 1999/11/29 v1.2d Bold Symbols
\pmbraise@=\dimen140
) (/usr/local/texlive/2021/texmf-dist/tex/latex/amsmath/amsopn.sty
Package: amsopn 2016/03/08 v2.02 operator names
)
\inf@bad=\count187
LaTeX Info: Redefining \frac on input line 234.
\uproot@=\count188
\leftroot@=\count189
LaTeX Info: Redefining \overline on input line 399.
\classnum@=\count190
\DOTSCASE@=\count191
LaTeX Info: Redefining \ldots on input line 496.
LaTeX Info: Redefining \dots on input line 499.
LaTeX Info: Redefining \cdots on input line 620.
\Mathstrutbox@=\box47
\strutbox@=\box48
\big@size=\dimen141
LaTeX Font Info:    Redeclaring font encoding OML on input line 743.
LaTeX Font Info:    Redeclaring font encoding OMS on input line 744.
\macc@depth=\count192
\c@MaxMatrixCols=\count193
\dotsspace@=\muskip16
\c@parentequation=\count194
\dspbrk@lvl=\count195
\tag@help=\toks16
\row@=\count196
\column@=\count197
\maxfields@=\count198
\andhelp@=\toks17
\eqnshift@=\dimen142
\alignsep@=\dimen143
\tagshift@=\dimen144
\tagwidth@=\dimen145
\totwidth@=\dimen146
\lineht@=\dimen147
\@envbody=\toks18
\multlinegap=\skip50
\multlinetaggap=\skip51
\mathdisplay@stack=\toks19
LaTeX Info: Redefining \[ on input line 2923.
LaTeX Info: Redefining \] on input line 2924.
) (/usr/local/texlive/2021/texmf-dist/tex/latex/amsfonts/amssymb.sty
Package: amssymb 2013/01/14 v3.01 AMS font symbols
 (/usr/local/texlive/2021/texmf-dist/tex/latex/amsfonts/amsfonts.sty
Package: amsfonts 2013/01/14 v3.01 Basic AMSFonts support
\symAMSa=\mathgroup4
\symAMSb=\mathgroup5
LaTeX Font Info:    Redeclaring math symbol \hbar on input line 98.
LaTeX Font Info:    Overwriting math alphabet `\mathfrak' in version `bold'
(Font)                  U/euf/m/n --> U/euf/b/n on input line 106.
)) (/usr/local/texlive/2021/texmf-dist/tex/latex/graphics/graphics.sty
Package: graphics 2020/08/30 v1.4c Standard LaTeX Graphics (DPC,SPQR)
 (/usr/local/texlive/2021/texmf-dist/tex/latex/graphics/trig.sty
Package: trig 2016/01/03 v1.10 sin cos tan (DPC)
) (/usr/local/texlive/2021/texmf-dist/tex/latex/graphics-cfg/graphics.cfg
File: graphics.cfg 2016/06/04 v1.11 sample graphics configuration
)
Package graphics Info: Driver file: pdftex.def on input line 105.
 (/usr/local/texlive/2021/texmf-dist/tex/latex/graphics-def/pdftex.def
File: pdftex.def 2020/10/05 v1.2a Graphics/color driver for pdftex
)) (/usr/local/texlive/2021/texmf-dist/tex/latex/setspace/setspace.sty
Package: setspace 2011/12/19 v6.7a set line spacing
)
\c@mathematicapage=\count199
 (/usr/local/texlive/2021/texmf-dist/tex/latex/l3backend/l3backend-pdftex.def
File: l3backend-pdftex.def 2021-03-18 L3 backend support: PDF output (pdfTeX)
\l__color_backend_stack_int=\count266
\l__pdf_internal_box=\box49
)
No file report.aux.
\openout1 = `report.aux'.

LaTeX Font Info:    Checking defaults for OML/cmm/m/it on input line 10.
LaTeX Font Info:    ... okay on input line 10.
LaTeX Font Info:    Checking defaults for OMS/cmsy/m/n on input line 10.
LaTeX Font Info:    ... okay on input line 10.
LaTeX Font Info:    Checking defaults for OT1/cmr/m/n on input line 10.
LaTeX Font Info:    ... okay on input line 10.
LaTeX Font Info:    Checking defaults for T1/cmr/m/n on input line 10.
LaTeX Font Info:    ... okay on input line 10.
LaTeX Font Info:    Checking defaults for TS1/cmr/m/n on input line 10.
LaTeX Font Info:    ... okay on input line 10.
LaTeX Font Info:    Checking defaults for OMX/cmex/m/n on input line 10.
LaTeX Font Info:    ... okay on input line 10.
LaTeX Font Info:    Checking defaults for U/cmr/m/n on input line 10.
LaTeX Font Info:    ... okay on input line 10.
(/usr/local/texlive/2021/texmf-dist/tex/context/base/mkii/supp-pdf.mkii
[Loading MPS to PDF converter (version 2006.09.02).]
\scratchcounter=\count267
\scratchdimen=\dimen148
\scratchbox=\box50
\nofMPsegments=\count268
\nofMParguments=\count269
\everyMPshowfont=\toks20
\MPscratchCnt=\count270
\MPscratchDim=\dimen149
\MPnumerator=\count271
\makeMPintoPDFobject=\count272
\everyMPtoPDFconversion=\toks21
) (/usr/local/texlive/2021/texmf-dist/tex/latex/epstopdf-pkg/epstopdf-base.sty
Package: epstopdf-base 2020-01-24 v2.11 Base part for package epstopdf
Package epstopdf-base Info: Redefining graphics rule for `.eps' on input line 485.
 (/usr/local/texlive/2021/texmf-dist/tex/latex/latexconfig/epstopdf-sys.cfg
File: epstopdf-sys.cfg 2010/07/13 v1.3 Configuration of (r)epstopdf for TeX Live
))
LaTeX Font Info:    Trying to load font information for U+msa on input line 15.
 (/usr/local/texlive/2021/texmf-dist/tex/latex/amsfonts/umsa.fd
File: umsa.fd 2013/01/14 v3.01 AMS symbols A
)
LaTeX Font Info:    Trying to load font information for U+msb on input line 15.
 (/usr/local/texlive/2021/texmf-dist/tex/latex/amsfonts/umsb.fd
File: umsb.fd 2013/01/14 v3.01 AMS symbols B
)
Package epstopdf Info: Source file: <report_gr1.eps>
(epstopdf)                    date: 2022-05-08 21:49:41
(epstopdf)                    size: 28105 bytes
(epstopdf)             Output file: <report_gr1-eps-converted-to.pdf>
(epstopdf)             Command: <repstopdf --outfile=report_gr1-eps-converted-to.pdf report_gr1.eps>
(epstopdf)             \includegraphics on input line 25.
runsystem(repstopdf --outfile=report_gr1-eps-converted-to.pdf report_gr1.eps)...executed safely (allowed).

Package epstopdf Info: Result file: <report_gr1-eps-converted-to.pdf>
(epstopdf)                    date: 2022-05-08 21:50:44
(epstopdf)                    size: 12188 bytes.
<report_gr1-eps-converted-to.pdf, id=1, 260.975pt x 161.60374pt>
File: report_gr1-eps-converted-to.pdf Graphic file (type pdf)
<use report_gr1-eps-converted-to.pdf>
Package pdftex.def Info: report_gr1-eps-converted-to.pdf  used on input line 25.
(pdftex.def)             Requested size: 260.97437pt x 161.60335pt.

Overfull \hbox (268.33447pt too wide) in paragraph at lines 45--46
$\OMS/cmsy/m/n/10 f\OT1/cmr/m/n/10 0\OML/cmm/m/it/10 :\OT1/cmr/m/n/10 027027\OML/cmm/m/it/10 ; \OT1/cmr/m/n/10 0\OML/cmm/m/it/10 :\OT1/cmr/m/n/10 0350109\OML/cmm/m/it/10 ; \OT1/cmr/m/n/10 0\OML/cmm/m/it/10 :\OT1/cmr/m/n/10 0470588\OML/cmm/m/it/10 ; \OT1/cmr/m/n/10 0\OML/cmm/m/it/10 :\OT1/cmr/m/n/10 06639\OML/cmm/m/it/10 ; \OT1/cmr/m/n/10 0\OML/cmm/m/it/10 :\OT1/cmr/m/n/10 1\OML/cmm/m/it/10 ; \OT1/cmr/m/n/10 0\OML/cmm/m/it/10 :\OT1/cmr/m/n/10 164948\OML/cmm/m/it/10 ; \OT1/cmr/m/n/10 0\OML/cmm/m/it/10 :\OT1/cmr/m/n/10 307692\OML/cmm/m/it/10 ; \OT1/cmr/m/n/10 0\OML/cmm/m/it/10 :\OT1/cmr/m/n/10 64\OML/cmm/m/it/10 ; \OT1/cmr/m/n/10 1\OML/cmm/m/it/10 :; \OT1/cmr/m/n/10 0\OML/cmm/m/it/10 :\OT1/cmr/m/n/10 64\OML/cmm/m/it/10 ; \OT1/cmr/m/n/10 0\OML/cmm/m/it/10 :\OT1/cmr/m/n/10 307692\OML/cmm/m/it/10 ; \OT1/cmr/m/n/10 0\OML/cmm/m/it/10 :\OT1/cmr/m/n/10 164948\OML/cmm/m/it/10 ; \OT1/cmr/m/n/10 0\OML/cmm/m/it/10 :\OT1/cmr/m/n/10 1\OML/cmm/m/it/10 ; \OT1/cmr/m/n/10 0\OML/cmm/m/it/10 :\OT1/cmr/m/n/10 06639\OML/cmm/m/it/10 ; \OT1/cmr/m/n/10 0\OML/cmm/m/it/10 :\OT1/cmr/m/n/10 0470588\OML/cmm/m/it/10 ; \OT1/cmr/m/n/10 0\OML/cmm/m/it/10 :\OT1/cmr/m/n/10 0350109\OML/cmm/m/it/10 ; \OT1/cmr/m/n/10 0\OML/cmm/m/it/10 :\OT1/cmr/m/n/10 027027\OMS/cmsy/m/n/10 g$ 
 []


Overfull \hbox (1.54501pt too wide) in paragraph at lines 52--53
$[]$ 
 []


Overfull \hbox (1.54501pt too wide) in paragraph at lines 56--57
$[]$ 
 []


Overfull \hbox (1.54501pt too wide) in paragraph at lines 60--61
$[]$ 
 []


Overfull \hbox (23.48647pt too wide) in paragraph at lines 66--72
[][] 
 []

[1

{/usr/local/texlive/2021/texmf-var/fonts/map/pdftex/updmap/pdftex.map} <./report_gr1-eps-converted-to.pdf>]
Package epstopdf Info: Source file: <report_gr2.eps>
(epstopdf)                    date: 2022-05-08 21:49:41
(epstopdf)                    size: 102733 bytes
(epstopdf)             Output file: <report_gr2-eps-converted-to.pdf>
(epstopdf)             Command: <repstopdf --outfile=report_gr2-eps-converted-to.pdf report_gr2.eps>
(epstopdf)             \includegraphics on input line 74.
runsystem(repstopdf --outfile=report_gr2-eps-converted-to.pdf report_gr2.eps)...executed safely (allowed).

Package epstopdf Info: Result file: <report_gr2-eps-converted-to.pdf>
(epstopdf)                    date: 2022-05-08 21:50:45
(epstopdf)                    size: 37786 bytes.
<report_gr2-eps-converted-to.pdf, id=23, 379.4175pt x 234.8775pt>
File: report_gr2-eps-converted-to.pdf Graphic file (type pdf)
<use report_gr2-eps-converted-to.pdf>
Package pdftex.def Info: report_gr2-eps-converted-to.pdf  used on input line 74.
(pdftex.def)             Requested size: 379.41656pt x 234.87692pt.

Overfull \hbox (49.41656pt too wide) in paragraph at lines 74--75
[][] 
 []

[2 <./report_gr2-eps-converted-to.pdf>]
Overfull \hbox (40.55637pt too wide) in paragraph at lines 107--108
$\OMS/cmsy/m/n/10 f\OT1/cmr/m/n/10 0\OML/cmm/m/it/10 :\OT1/cmr/m/n/10 0278439\OML/cmm/m/it/10 ; \OT1/cmr/m/n/10 0\OML/cmm/m/it/10 :\OT1/cmr/m/n/10 0357143\OML/cmm/m/it/10 ; \OT1/cmr/m/n/10 0\OML/cmm/m/it/10 :\OT1/cmr/m/n/10 0629948\OML/cmm/m/it/10 ; \OT1/cmr/m/n/10 0\OML/cmm/m/it/10 :\OT1/cmr/m/n/10 191894\OML/cmm/m/it/10 ; \OT1/cmr/m/n/10 1\OML/cmm/m/it/10 :; \OT1/cmr/m/n/10 0\OML/cmm/m/it/10 :\OT1/cmr/m/n/10 191894\OML/cmm/m/it/10 ; \OT1/cmr/m/n/10 0\OML/cmm/m/it/10 :\OT1/cmr/m/n/10 0629948\OML/cmm/m/it/10 ; \OT1/cmr/m/n/10 0\OML/cmm/m/it/10 :\OT1/cmr/m/n/10 0357143\OML/cmm/m/it/10 ; \OT1/cmr/m/n/10 0\OML/cmm/m/it/10 :\OT1/cmr/m/n/10 0278439\OMS/cmsy/m/n/10 g$ 
 []


Overfull \hbox (398.33487pt too wide) in paragraph at lines 111--112
$\OMS/cmsy/m/n/10 f\OT1/cmr/m/n/10 0\OML/cmm/m/it/10 :\OT1/cmr/m/n/10 0272528\OML/cmm/m/it/10 ; \OT1/cmr/m/n/10 0\OML/cmm/m/it/10 :\OT1/cmr/m/n/10 0291512\OML/cmm/m/it/10 ; \OT1/cmr/m/n/10 0\OML/cmm/m/it/10 :\OT1/cmr/m/n/10 0335037\OML/cmm/m/it/10 ; \OT1/cmr/m/n/10 0\OML/cmm/m/it/10 :\OT1/cmr/m/n/10 0417957\OML/cmm/m/it/10 ; \OT1/cmr/m/n/10 0\OML/cmm/m/it/10 :\OT1/cmr/m/n/10 0576729\OML/cmm/m/it/10 ; \OT1/cmr/m/n/10 0\OML/cmm/m/it/10 :\OT1/cmr/m/n/10 091102\OML/cmm/m/it/10 ; \OT1/cmr/m/n/10 0\OML/cmm/m/it/10 :\OT1/cmr/m/n/10 175505\OML/cmm/m/it/10 ; \OT1/cmr/m/n/10 0\OML/cmm/m/it/10 :\OT1/cmr/m/n/10 451365\OML/cmm/m/it/10 ; \OT1/cmr/m/n/10 1\OML/cmm/m/it/10 :; \OT1/cmr/m/n/10 0\OML/cmm/m/it/10 :\OT1/cmr/m/n/10 451365\OML/cmm/m/it/10 ; \OT1/cmr/m/n/10 0\OML/cmm/m/it/10 :\OT1/cmr/m/n/10 175505\OML/cmm/m/it/10 ; \OT1/cmr/m/n/10 0\OML/cmm/m/it/10 :\OT1/cmr/m/n/10 091102\OML/cmm/m/it/10 ; \OT1/cmr/m/n/10 0\OML/cmm/m/it/10 :\OT1/cmr/m/n/10 0576729\OML/cmm/m/it/10 ; \OT1/cmr/m/n/10 0\OML/cmm/m/it/10 :\OT1/cmr/m/n/10 0417957\OML/cmm/m/it/10 ; \OT1/cmr/m/n/10 0\OML/cmm/m/it/10 :\OT1/cmr/m/n/10 0335037\OML/cmm/m/it/10 ; \OT1/cmr/m/n/10 0\OML/cmm/m/it/10 :\OT1/cmr/m/n/10 0291512\OML/cmm/m/it/10 ; \OT1/cmr/m/n/10 0\OML/cmm/m/it/10 :\OT1/cmr/m/n/10 0272528\OMS/cmsy/m/n/10 g$ 
 []


Overfull \hbox (11.29498pt too wide) in paragraph at lines 118--119
$[]$ 
 []


Overfull \hbox (11.29498pt too wide) in paragraph at lines 122--123
$[]$ 
 []


Overfull \hbox (11.29498pt too wide) in paragraph at lines 126--127
$[]$ 
 []


Overfull \hbox (23.48647pt too wide) in paragraph at lines 132--138
[][] 
 []

Package epstopdf Info: Source file: <report_gr3.eps>
(epstopdf)                    date: 2022-05-08 21:49:41
(epstopdf)                    size: 93342 bytes
(epstopdf)             Output file: <report_gr3-eps-converted-to.pdf>
(epstopdf)             Command: <repstopdf --outfile=report_gr3-eps-converted-to.pdf report_gr3.eps>
(epstopdf)             \includegraphics on input line 140.
runsystem(repstopdf --outfile=report_gr3-eps-converted-to.pdf report_gr3.eps)...executed safely (allowed).

Package epstopdf Info: Result file: <report_gr3-eps-converted-to.pdf>
(epstopdf)                    date: 2022-05-08 21:50:45
(epstopdf)                    size: 35501 bytes.
<report_gr3-eps-converted-to.pdf, id=36, 379.4175pt x 234.8775pt>
File: report_gr3-eps-converted-to.pdf Graphic file (type pdf)
<use report_gr3-eps-converted-to.pdf>
Package pdftex.def Info: report_gr3-eps-converted-to.pdf  used on input line 140.
(pdftex.def)             Requested size: 379.41656pt x 234.87692pt.

Overfull \hbox (49.41656pt too wide) in paragraph at lines 140--141
[][] 
 []

[3 <./report_gr3-eps-converted-to.pdf>]
Overfull \hbox (1.54501pt too wide) in paragraph at lines 163--164
$[]$ 
 []


Overfull \hbox (1.54501pt too wide) in paragraph at lines 167--168
$[]$ 
 []


Overfull \hbox (1.54501pt too wide) in paragraph at lines 171--172
$[]$ 
 []


Overfull \hbox (3.927pt too wide) in paragraph at lines 177--183
$[][] 
 []


Overfull \hbox (23.48647pt too wide) in paragraph at lines 177--183
[][] 
 []

Package epstopdf Info: Source file: <report_gr4.eps>
(epstopdf)                    date: 2022-05-08 21:49:41
(epstopdf)                    size: 96312 bytes
(epstopdf)             Output file: <report_gr4-eps-converted-to.pdf>
(epstopdf)             Command: <repstopdf --outfile=report_gr4-eps-converted-to.pdf report_gr4.eps>
(epstopdf)             \includegraphics on input line 185.
runsystem(repstopdf --outfile=report_gr4-eps-converted-to.pdf report_gr4.eps)...executed safely (allowed).

Package epstopdf Info: Result file: <report_gr4-eps-converted-to.pdf>
(epstopdf)                    date: 2022-05-08 21:50:45
(epstopdf)                    size: 36631 bytes.
<report_gr4-eps-converted-to.pdf, id=49, 371.3875pt x 229.85875pt>
File: report_gr4-eps-converted-to.pdf Graphic file (type pdf)
<use report_gr4-eps-converted-to.pdf>
Package pdftex.def Info: report_gr4-eps-converted-to.pdf  used on input line 185.
(pdftex.def)             Requested size: 371.38658pt x 229.85817pt.

Overfull \hbox (41.38658pt too wide) in paragraph at lines 185--186
[][] 
 []

[4]
Overfull \hbox (11.29498pt too wide) in paragraph at lines 200--201
$[]$ 
 []


Overfull \hbox (11.29498pt too wide) in paragraph at lines 204--205
$[]$ 
 []


Overfull \hbox (11.29498pt too wide) in paragraph at lines 208--209
$[]$ 
 []


Overfull \hbox (3.927pt too wide) in paragraph at lines 214--220
$[][] 
 []


Overfull \hbox (23.48647pt too wide) in paragraph at lines 214--220
[][] 
 []

Package epstopdf Info: Source file: <report_gr5.eps>
(epstopdf)                    date: 2022-05-08 21:49:41
(epstopdf)                    size: 97515 bytes
(epstopdf)             Output file: <report_gr5-eps-converted-to.pdf>
(epstopdf)             Command: <repstopdf --outfile=report_gr5-eps-converted-to.pdf report_gr5.eps>
(epstopdf)             \includegraphics on input line 222.
runsystem(repstopdf --outfile=report_gr5-eps-converted-to.pdf report_gr5.eps)...executed safely (allowed).

Package epstopdf Info: Result file: <report_gr5-eps-converted-to.pdf>
(epstopdf)                    date: 2022-05-08 21:50:45
(epstopdf)                    size: 36992 bytes.
<report_gr5-eps-converted-to.pdf, id=53, 379.4175pt x 234.8775pt>
File: report_gr5-eps-converted-to.pdf Graphic file (type pdf)
<use report_gr5-eps-converted-to.pdf>
Package pdftex.def Info: report_gr5-eps-converted-to.pdf  used on input line 222.
(pdftex.def)             Requested size: 379.41656pt x 234.87692pt.

Overfull \hbox (49.41656pt too wide) in paragraph at lines 222--223
[][] 
 []

[5 <./report_gr4-eps-converted-to.pdf>] [6 <./report_gr5-eps-converted-to.pdf>] (./report.aux) ) 
Here is how much of TeX's memory you used:
 2296 strings out of 478994
 31126 string characters out of 5858184
 333473 words of memory out of 5000000
 19788 multiletter control sequences out of 15000+600000
 406981 words of font info for 42 fonts, out of 8000000 for 9000
 1141 hyphenation exceptions out of 8191
 67i,13n,74p,379b,144s stack positions out of 5000i,500n,10000p,200000b,80000s
</usr/local/texlive/2021/texmf-dist/fonts/type1/public/amsfonts/cm/cmbx12.pfb></usr/local/texlive/2021/texmf-dist/fonts/type1/public/amsfonts/cm/cmmi10.pfb></usr/local/texlive/2021/texmf-dist/fonts/type1/public/amsfonts/cm/cmmi12.pfb></usr/local/texlive/2021/texmf-dist/fonts/type1/public/amsfonts/cm/cmr10.pfb></usr/local/texlive/2021/texmf-dist/fonts/type1/public/amsfonts/cm/cmr12.pfb></usr/local/texlive/2021/texmf-dist/fonts/type1/public/amsfonts/cm/cmr7.pfb></usr/local/texlive/2021/texmf-dist/fonts/type1/public/amsfonts/cm/cmsy10.pfb></usr/local/texlive/2021/texmf-dist/fonts/type1/public/amsfonts/cm/cmsy7.pfb>
Output written on report.pdf (6 pages, 229184 bytes).
PDF statistics:
 105 PDF objects out of 1000 (max. 8388607)
 63 compressed objects within 1 object stream
 0 named destinations out of 1000 (max. 500000)
 26 words of extra memory for PDF output out of 10000 (max. 10000000)

